#
# There is insufficient memory for the Java Runtime Environment to continue.
# Native memory allocation (mmap) failed to map 38449152 bytes for committing reserved memory.
# Possible reasons:
#   The system is out of physical RAM or swap space
#   The process is running with CompressedOops enabled, and the Java Heap may be blocking the growth of the native heap
# Possible solutions:
#   Reduce memory load on the system
#   Increase physical memory or swap space
#   Check if swap backing store is full
#   Decrease Java heap size (-Xmx/-Xms)
#   Decrease number of Java threads
#   Decrease Java thread stack sizes (-Xss)
#   Set larger code cache with -XX:ReservedCodeCacheSize=
#   JVM is running with Unscaled Compressed Oops mode in which the Java heap is
#     placed in the first 4GB address space. The Java Heap base address is the
#     maximum limit for the native heap growth. Please use -XX:HeapBaseMinAddress
#     to set the Java Heap base and to place the Java Heap above 4GB virtual address.
# This output file may be truncated or incomplete.
#
#  Out of Memory Error (os_linux.cpp:2922), pid=14633, tid=14643
#
# JRE version: OpenJDK Runtime Environment (11.0.9.1+1) (build 11.0.9.1+1-post-Debian-1deb10u2)
# Java VM: OpenJDK 64-Bit Server VM (11.0.9.1+1-post-Debian-1deb10u2, mixed mode, sharing, tiered, compressed oops, serial gc, linux-amd64)
# Core dump will be written. Default location: core.14633 (may not exist)
#

---------------  S U M M A R Y ------------

Command Line: cliloader.LoaderCLIMain

Host: DO-Regular, 1 cores, 989M, Debian GNU/Linux 10 (buster)
Time: Sun Sep 18 19:50:15 2022 PDT elapsed time: 276.951363 seconds (0d 0h 4m 36s)

---------------  T H R E A D  ---------------

Current thread (0x00007fea4804c800):  VMThread "VM Thread" [stack: 0x00007fea4d398000,0x00007fea4d498000] [id=14643]

Stack: [0x00007fea4d398000,0x00007fea4d498000],  sp=0x00007fea4d495ff0,  free space=1015k
Native frames: (J=compiled Java code, A=aot compiled Java code, j=interpreted, Vv=VM code, C=native code)
V  [libjvm.so+0xe163aa]
V  [libjvm.so+0xe1706b]
V  [libjvm.so+0x649af5]
V  [libjvm.so+0xb7149a]
V  [libjvm.so+0xb67c6f]
V  [libjvm.so+0xe0e7cb]
V  [libjvm.so+0x52a281]
V  [libjvm.so+0x52a46b]
V  [libjvm.so+0xda8b87]
V  [libjvm.so+0x52ab83]
V  [libjvm.so+0x79d080]
V  [libjvm.so+0x79d695]
V  [libjvm.so+0xe17653]
V  [libjvm.so+0xe18b58]
V  [libjvm.so+0xe1e9c7]
V  [libjvm.so+0xe1f058]
V  [libjvm.so+0xe1f363]
V  [libjvm.so+0xdb0a89]
V  [libjvm.so+0xb75f1e]

VM_Operation (0x00007fea4e1e4a50): GenCollectForAllocation, mode: safepoint, requested by thread 0x00007fea48014800


---------------  P R O C E S S  ---------------

Threads class SMR info:
_java_thread_list=0x00007fea2801c5a0, length=15, elements={
0x00007fea48014800, 0x00007fea4804f800, 0x00007fea48051800, 0x00007fea4805b800,
0x00007fea4805e000, 0x00007fea48060000, 0x00007fea48062000, 0x00007fea4809d000,
0x00007fea480a7000, 0x00007fea4827a000, 0x00007fea482b6000, 0x00007fea48623800,
0x00007fea4891e800, 0x00007fea4879a000, 0x00007fea48bdb800
}

Java Threads: ( => current thread )
  0x00007fea48014800 JavaThread "main" [_thread_blocked, id=14637, stack(0x00007fea4e0ec000,0x00007fea4e1ed000)]
  0x00007fea4804f800 JavaThread "Reference Handler" daemon [_thread_blocked, id=14651, stack(0x00007fea4d295000,0x00007fea4d396000)]
  0x00007fea48051800 JavaThread "Finalizer" daemon [_thread_blocked, id=14652, stack(0x00007fea4d194000,0x00007fea4d295000)]
  0x00007fea4805b800 JavaThread "Signal Dispatcher" daemon [_thread_blocked, id=14664, stack(0x00007fea4cdb7000,0x00007fea4ceb8000)]
  0x00007fea4805e000 JavaThread "C2 CompilerThread0" daemon [_thread_blocked, id=14665, stack(0x00007fea4ccb6000,0x00007fea4cdb7000)]
  0x00007fea48060000 JavaThread "C1 CompilerThread0" daemon [_thread_blocked, id=14666, stack(0x00007fea4cbb5000,0x00007fea4ccb6000)]
  0x00007fea48062000 JavaThread "Sweeper thread" daemon [_thread_blocked, id=14667, stack(0x00007fea4cab4000,0x00007fea4cbb5000)]
  0x00007fea4809d000 JavaThread "Service Thread" daemon [_thread_blocked, id=14763, stack(0x00007fea4c9b3000,0x00007fea4cab4000)]
  0x00007fea480a7000 JavaThread "Common-Cleaner" daemon [_thread_blocked, id=14771, stack(0x00007fea4c7b0000,0x00007fea4c8b1000)]
  0x00007fea4827a000 JavaThread "FelixDispatchQueue" [_thread_blocked, id=14838, stack(0x00007fea4c621000,0x00007fea4c722000)]
  0x00007fea482b6000 JavaThread "FelixFrameworkWiring" daemon [_thread_blocked, id=14842, stack(0x00007fea4c520000,0x00007fea4c621000)]
  0x00007fea48623800 JavaThread "FelixStartLevel" daemon [_thread_blocked, id=14843, stack(0x00007fea4c41f000,0x00007fea4c520000)]
  0x00007fea4891e800 JavaThread "Thread-2" [_thread_blocked, id=14855, stack(0x00007fea30497000,0x00007fea30598000)]
  0x00007fea4879a000 JavaThread "Thread-3" daemon [_thread_blocked, id=14856, stack(0x00007fea30396000,0x00007fea30497000)]
  0x00007fea48bdb800 JavaThread "process reaper" daemon [_thread_blocked, id=14876, stack(0x00007fea3015a000,0x00007fea3017c000)]

Other Threads:
=>0x00007fea4804c800 VMThread "VM Thread" [stack: 0x00007fea4d398000,0x00007fea4d498000] [id=14643]
  0x00007fea4809f800 WatcherThread [stack: 0x00007fea4c8b3000,0x00007fea4c9b3000] [id=14764]

Threads with active compile tasks:
C2 CompilerThread0 290313 4597   !   4       lucee.runtime.type.UDFImpl::_call (835 bytes)

VM state:at safepoint (normal execution)

VM Mutex/Monitor currently owned by a thread:  ([mutex/lock_event])
[0x00007fea48012900] Threads_lock - owner thread: 0x00007fea4804c800
[0x00007fea480130e0] Heap_lock - owner thread: 0x00007fea48014800

Heap address: 0x00000000f0800000, size: 248 MB, Compressed Oops mode: 32-bit
Narrow klass base: 0x0000000800000000, Narrow klass shift: 3
Compressed class space size: 1073741824 Address: 0x0000000840000000

Heap:
 def new generation   total 23232K, used 59K [0x00000000f0800000, 0x00000000f2130000, 0x00000000f5aa0000)
  eden space 20672K,   0% used [0x00000000f0800000, 0x00000000f080ef40, 0x00000000f1c30000)
  from space 2560K,   0% used [0x00000000f1c30000, 0x00000000f1c30000, 0x00000000f1eb0000)
  to   space 2560K,   0% used [0x00000000f1eb0000, 0x00000000f1eb0000, 0x00000000f2130000)
 tenured generation   total 56320K, used 56319K [0x00000000f5aa0000, 0x00000000f91a0000, 0x0000000100000000)
   the space 56320K,  99% used [0x00000000f5aa0000, 0x00000000f919ffe8, 0x00000000f91a0000, 0x00000000f91a0000)
 Metaspace       used 26935K, capacity 27980K, committed 28288K, reserved 1075200K
  class space    used 2253K, capacity 2663K, committed 2688K, reserved 1048576K

Card table byte_map: [0x00007fea4de31000,0x00007fea4deae000] _byte_map_base: 0x00007fea4d6ad000

Polling page: 0x00007fea4fb5e000

Metaspace:

Usage:
  Non-class:     24.72 MB capacity,    24.10 MB ( 97%) used,   562.73 KB (  2%) free+waste,    72.50 KB ( <1%) overhead. 
      Class:      2.60 MB capacity,     2.20 MB ( 85%) used,   377.14 KB ( 14%) free+waste,    32.62 KB (  1%) overhead. 
       Both:     27.32 MB capacity,    26.30 MB ( 96%) used,   939.88 KB (  3%) free+waste,   105.12 KB ( <1%) overhead. 

Virtual space:
  Non-class space:       26.00 MB reserved,      25.00 MB ( 96%) committed 
      Class space:        1.00 GB reserved,       2.62 MB ( <1%) committed 
             Both:        1.03 GB reserved,      27.62 MB (  3%) committed 

Chunk freelists:
   Non-Class:  39.00 KB
       Class:  25.00 KB
        Both:  64.00 KB

MaxMetaspaceSize: unlimited
CompressedClassSpaceSize: 1.00 GB

CodeHeap 'non-profiled nmethods': size=120036Kb used=1693Kb max_used=1693Kb free=118342Kb
 bounds [0x00007fea38360000, 0x00007fea385d0000, 0x00007fea3f899000]
CodeHeap 'profiled nmethods': size=120032Kb used=11899Kb max_used=11899Kb free=108133Kb
 bounds [0x00007fea30e28000, 0x00007fea319d8000, 0x00007fea38360000]
CodeHeap 'non-nmethods': size=5692Kb used=1205Kb max_used=1227Kb free=4486Kb
 bounds [0x00007fea30899000, 0x00007fea30b09000, 0x00007fea30e28000]
 total_blobs=4895 nmethods=4328 adapters=480
 compilation: enabled
              stopped_count=0, restarted_count=0
 full_count=0

Compilation events (20 events):
Event: 176.275 Thread 0x00007fea48060000 4638       2       lucee.runtime.PageContextImpl::localScope (19 bytes)
Event: 176.276 Thread 0x00007fea48060000 nmethod 4638 0x00007fea319b9210 code [0x00007fea319b93c0, 0x00007fea319b9520]
Event: 176.487 Thread 0x00007fea48060000 4639       2       lucee.runtime.op.Caster::toNull (59 bytes)
Event: 176.628 Thread 0x00007fea48060000 nmethod 4639 0x00007fea319b9610 code [0x00007fea319b9820, 0x00007fea319b9bc0]
Event: 176.645 Thread 0x00007fea48060000 4641       2       lucee.runtime.util.QueryStackImpl::getColumnFromACollection (44 bytes)
Event: 176.843 Thread 0x00007fea48060000 nmethod 4641 0x00007fea319b9d90 code [0x00007fea319b9f60, 0x00007fea319ba180]
Event: 176.862 Thread 0x00007fea48060000 4643       2       java.io.FileInputStream::<init> (122 bytes)
Event: 177.004 Thread 0x00007fea48060000 nmethod 4643 0x00007fea319ba290 code [0x00007fea319ba4e0, 0x00007fea319bab50]
Event: 177.357 Thread 0x00007fea48060000 4647   !   2       system.util.diskstore_cfc$cf::udfCall2 (1760 bytes)
Event: 177.694 Thread 0x00007fea48060000 nmethod 4647 0x00007fea319bae90 code [0x00007fea319bbde0, 0x00007fea319c0580]
Event: 177.775 Thread 0x00007fea48060000 4650       2       java.io.FileInputStream::read (8 bytes)
Event: 177.827 Thread 0x00007fea48060000 nmethod 4650 0x00007fea319c5b10 code [0x00007fea319c5cc0, 0x00007fea319c5de0]
Event: 179.206 Thread 0x00007fea48060000 4654       2       system.cache.abstractcacheboxprovider_cfc$cf::udfCall (102 bytes)
Event: 179.207 Thread 0x00007fea48060000 nmethod 4654 0x00007fea319c5e90 code [0x00007fea319c6080, 0x00007fea319c6270]
Event: 179.546 Thread 0x00007fea48060000 4655   !   2       java.lang.StringCoding::encode (152 bytes)
Event: 179.641 Thread 0x00007fea48060000 nmethod 4655 0x00007fea319c6390 code [0x00007fea319c66a0, 0x00007fea319c70c0]
Event: 180.429 Thread 0x00007fea48060000 4656       2       java.io.FileInputStream::available (5 bytes)
Event: 180.502 Thread 0x00007fea48060000 nmethod 4656 0x00007fea319c7810 code [0x00007fea319c79c0, 0x00007fea319c7ae0]
Event: 180.732 Thread 0x00007fea48060000 4658       2       lucee.runtime.PageContextImpl::localGet (32 bytes)
Event: 180.936 Thread 0x00007fea48060000 nmethod 4658 0x00007fea319c7b90 code [0x00007fea319c7d80, 0x00007fea319c7fe0]

GC Heap History (20 events):
Event: 159.554 GC heap after
{Heap after GC invocations=25 (full 2):
 def new generation   total 13440K, used 526K [0x00000000f0800000, 0x00000000f1690000, 0x00000000f5aa0000)
  eden space 11968K,   0% used [0x00000000f0800000, 0x00000000f0800000, 0x00000000f13b0000)
  from space 1472K,  35% used [0x00000000f13b0000, 0x00000000f1433870, 0x00000000f1520000)
  to   space 1472K,   0% used [0x00000000f1520000, 0x00000000f1520000, 0x00000000f1690000)
 tenured generation   total 29720K, used 22185K [0x00000000f5aa0000, 0x00000000f77a6000, 0x0000000100000000)
   the space 29720K,  74% used [0x00000000f5aa0000, 0x00000000f704a650, 0x00000000f704a800, 0x00000000f77a6000)
 Metaspace       used 18968K, capacity 19671K, committed 19968K, reserved 1067008K
  class space    used 1755K, capacity 2016K, committed 2048K, reserved 1048576K
}
Event: 161.646 GC heap before
{Heap before GC invocations=25 (full 2):
 def new generation   total 13440K, used 12494K [0x00000000f0800000, 0x00000000f1690000, 0x00000000f5aa0000)
  eden space 11968K, 100% used [0x00000000f0800000, 0x00000000f13b0000, 0x00000000f13b0000)
  from space 1472K,  35% used [0x00000000f13b0000, 0x00000000f1433870, 0x00000000f1520000)
  to   space 1472K,   0% used [0x00000000f1520000, 0x00000000f1520000, 0x00000000f1690000)
 tenured generation   total 29720K, used 22185K [0x00000000f5aa0000, 0x00000000f77a6000, 0x0000000100000000)
   the space 29720K,  74% used [0x00000000f5aa0000, 0x00000000f704a650, 0x00000000f704a800, 0x00000000f77a6000)
 Metaspace       used 20763K, capacity 21661K, committed 21888K, reserved 1069056K
  class space    used 1869K, capacity 2169K, committed 2176K, reserved 1048576K
}
Event: 161.696 GC heap after
{Heap after GC invocations=26 (full 2):
 def new generation   total 13440K, used 1472K [0x00000000f0800000, 0x00000000f1690000, 0x00000000f5aa0000)
  eden space 11968K,   0% used [0x00000000f0800000, 0x00000000f0800000, 0x00000000f13b0000)
  from space 1472K, 100% used [0x00000000f1520000, 0x00000000f1690000, 0x00000000f1690000)
  to   space 1472K,   0% used [0x00000000f13b0000, 0x00000000f13b0000, 0x00000000f1520000)
 tenured generation   total 29720K, used 23451K [0x00000000f5aa0000, 0x00000000f77a6000, 0x0000000100000000)
   the space 29720K,  78% used [0x00000000f5aa0000, 0x00000000f7186e98, 0x00000000f7187000, 0x00000000f77a6000)
 Metaspace       used 20763K, capacity 21661K, committed 21888K, reserved 1069056K
  class space    used 1869K, capacity 2169K, committed 2176K, reserved 1048576K
}
Event: 163.715 GC heap before
{Heap before GC invocations=26 (full 2):
 def new generation   total 13440K, used 13315K [0x00000000f0800000, 0x00000000f1690000, 0x00000000f5aa0000)
  eden space 11968K,  98% used [0x00000000f0800000, 0x00000000f1390e98, 0x00000000f13b0000)
  from space 1472K, 100% used [0x00000000f1520000, 0x00000000f1690000, 0x00000000f1690000)
  to   space 1472K,   0% used [0x00000000f13b0000, 0x00000000f13b0000, 0x00000000f1520000)
 tenured generation   total 29720K, used 23451K [0x00000000f5aa0000, 0x00000000f77a6000, 0x0000000100000000)
   the space 29720K,  78% used [0x00000000f5aa0000, 0x00000000f7186e98, 0x00000000f7187000, 0x00000000f77a6000)
 Metaspace       used 22139K, capacity 23091K, committed 23296K, reserved 1071104K
  class space    used 1916K, capacity 2235K, committed 2304K, reserved 1048576K
}
Event: 163.846 GC heap after
{Heap after GC invocations=27 (full 2):
 def new generation   total 13440K, used 1471K [0x00000000f0800000, 0x00000000f1690000, 0x00000000f5aa0000)
  eden space 11968K,   0% used [0x00000000f0800000, 0x00000000f0800000, 0x00000000f13b0000)
  from space 1472K,  99% used [0x00000000f13b0000, 0x00000000f151fff8, 0x00000000f1520000)
  to   space 1472K,   0% used [0x00000000f1520000, 0x00000000f1520000, 0x00000000f1690000)
 tenured generation   total 29720K, used 26997K [0x00000000f5aa0000, 0x00000000f77a6000, 0x0000000100000000)
   the space 29720K,  90% used [0x00000000f5aa0000, 0x00000000f74fd4d8, 0x00000000f74fd600, 0x00000000f77a6000)
 Metaspace       used 22139K, capacity 23091K, committed 23296K, reserved 1071104K
  class space    used 1916K, capacity 2235K, committed 2304K, reserved 1048576K
}
Event: 165.048 GC heap before
{Heap before GC invocations=27 (full 2):
 def new generation   total 13440K, used 13439K [0x00000000f0800000, 0x00000000f1690000, 0x00000000f5aa0000)
  eden space 11968K, 100% used [0x00000000f0800000, 0x00000000f13b0000, 0x00000000f13b0000)
  from space 1472K,  99% used [0x00000000f13b0000, 0x00000000f151fff8, 0x00000000f1520000)
  to   space 1472K,   0% used [0x00000000f1520000, 0x00000000f1520000, 0x00000000f1690000)
 tenured generation   total 29720K, used 26997K [0x00000000f5aa0000, 0x00000000f77a6000, 0x0000000100000000)
   the space 29720K,  90% used [0x00000000f5aa0000, 0x00000000f74fd4d8, 0x00000000f74fd600, 0x00000000f77a6000)
 Metaspace       used 22925K, capacity 23761K, committed 24064K, reserved 1071104K
  class space    used 1935K, capacity 2239K, committed 2304K, reserved 1048576K
}
Event: 165.169 GC heap after
{Heap after GC invocations=28 (full 2):
 def new generation   total 13440K, used 1471K [0x00000000f0800000, 0x00000000f1690000, 0x00000000f5aa0000)
  eden space 11968K,   0% used [0x00000000f0800000, 0x00000000f0800000, 0x00000000f13b0000)
  from space 1472K,  99% used [0x00000000f1520000, 0x00000000f168fff8, 0x00000000f1690000)
  to   space 1472K,   0% used [0x00000000f13b0000, 0x00000000f13b0000, 0x00000000f1520000)
 tenured generation   total 29720K, used 29376K [0x00000000f5aa0000, 0x00000000f77a6000, 0x0000000100000000)
   the space 29720K,  98% used [0x00000000f5aa0000, 0x00000000f77500c0, 0x00000000f7750200, 0x00000000f77a6000)
 Metaspace       used 22925K, capacity 23761K, committed 24064K, reserved 1071104K
  class space    used 1935K, capacity 2239K, committed 2304K, reserved 1048576K
}
Event: 166.921 GC heap before
{Heap before GC invocations=28 (full 2):
 def new generation   total 13440K, used 13315K [0x00000000f0800000, 0x00000000f1690000, 0x00000000f5aa0000)
  eden space 11968K,  98% used [0x00000000f0800000, 0x00000000f1390f18, 0x00000000f13b0000)
  from space 1472K,  99% used [0x00000000f1520000, 0x00000000f168fff8, 0x00000000f1690000)
  to   space 1472K,   0% used [0x00000000f13b0000, 0x00000000f13b0000, 0x00000000f1520000)
 tenured generation   total 29720K, used 29376K [0x00000000f5aa0000, 0x00000000f77a6000, 0x0000000100000000)
   the space 29720K,  98% used [0x00000000f5aa0000, 0x00000000f77500c0, 0x00000000f7750200, 0x00000000f77a6000)
 Metaspace       used 23564K, capacity 24407K, committed 24832K, reserved 1071104K
  class space    used 1950K, capacity 2240K, committed 2304K, reserved 1048576K
}
Event: 167.513 GC heap after
{Heap after GC invocations=29 (full 3):
 def new generation   total 23232K, used 0K [0x00000000f0800000, 0x00000000f2130000, 0x00000000f5aa0000)
  eden space 20672K,   0% used [0x00000000f0800000, 0x00000000f0800000, 0x00000000f1c30000)
  from space 2560K,   0% used [0x00000000f1c30000, 0x00000000f1c30000, 0x00000000f1eb0000)
  to   space 2560K,   0% used [0x00000000f1eb0000, 0x00000000f1eb0000, 0x00000000f2130000)
 tenured generation   total 51520K, used 30911K [0x00000000f5aa0000, 0x00000000f8cf0000, 0x0000000100000000)
   the space 51520K,  59% used [0x00000000f5aa0000, 0x00000000f78cff90, 0x00000000f78d0000, 0x00000000f8cf0000)
 Metaspace       used 23564K, capacity 24407K, committed 24832K, reserved 1071104K
  class space    used 1950K, capacity 2240K, committed 2304K, reserved 1048576K
}
Event: 169.453 GC heap before
{Heap before GC invocations=29 (full 3):
 def new generation   total 23232K, used 20672K [0x00000000f0800000, 0x00000000f2130000, 0x00000000f5aa0000)
  eden space 20672K, 100% used [0x00000000f0800000, 0x00000000f1c30000, 0x00000000f1c30000)
  from space 2560K,   0% used [0x00000000f1c30000, 0x00000000f1c30000, 0x00000000f1eb0000)
  to   space 2560K,   0% used [0x00000000f1eb0000, 0x00000000f1eb0000, 0x00000000f2130000)
 tenured generation   total 51520K, used 30911K [0x00000000f5aa0000, 0x00000000f8cf0000, 0x0000000100000000)
   the space 51520K,  59% used [0x00000000f5aa0000, 0x00000000f78cff90, 0x00000000f78d0000, 0x00000000f8cf0000)
 Metaspace       used 24156K, capacity 24951K, committed 25344K, reserved 1073152K
  class space    used 1968K, capacity 2272K, committed 2304K, reserved 1048576K
}
Event: 169.533 GC heap after
{Heap after GC invocations=30 (full 3):
 def new generation   total 23232K, used 2559K [0x00000000f0800000, 0x00000000f2130000, 0x00000000f5aa0000)
  eden space 20672K,   0% used [0x00000000f0800000, 0x00000000f0800000, 0x00000000f1c30000)
  from space 2560K,  99% used [0x00000000f1eb0000, 0x00000000f212fff8, 0x00000000f2130000)
  to   space 2560K,   0% used [0x00000000f1c30000, 0x00000000f1c30000, 0x00000000f1eb0000)
 tenured generation   total 51520K, used 32281K [0x00000000f5aa0000, 0x00000000f8cf0000, 0x0000000100000000)
   the space 51520K,  62% used [0x00000000f5aa0000, 0x00000000f7a26698, 0x00000000f7a26800, 0x00000000f8cf0000)
 Metaspace       used 24156K, capacity 24951K, committed 25344K, reserved 1073152K
  class space    used 1968K, capacity 2272K, committed 2304K, reserved 1048576K
}
Event: 172.964 GC heap before
{Heap before GC invocations=30 (full 3):
 def new generation   total 23232K, used 23231K [0x00000000f0800000, 0x00000000f2130000, 0x00000000f5aa0000)
  eden space 20672K, 100% used [0x00000000f0800000, 0x00000000f1c30000, 0x00000000f1c30000)
  from space 2560K,  99% used [0x00000000f1eb0000, 0x00000000f212fff8, 0x00000000f2130000)
  to   space 2560K,   0% used [0x00000000f1c30000, 0x00000000f1c30000, 0x00000000f1eb0000)
 tenured generation   total 51520K, used 32281K [0x00000000f5aa0000, 0x00000000f8cf0000, 0x0000000100000000)
   the space 51520K,  62% used [0x00000000f5aa0000, 0x00000000f7a26698, 0x00000000f7a26800, 0x00000000f8cf0000)
 Metaspace       used 26279K, capacity 27309K, committed 27520K, reserved 1075200K
  class space    used 2195K, capacity 2586K, committed 2688K, reserved 1048576K
}
Event: 173.111 GC heap after
{Heap after GC invocations=31 (full 3):
 def new generation   total 23232K, used 2560K [0x00000000f0800000, 0x00000000f2130000, 0x00000000f5aa0000)
  eden space 20672K,   0% used [0x00000000f0800000, 0x00000000f0800000, 0x00000000f1c30000)
  from space 2560K, 100% used [0x00000000f1c30000, 0x00000000f1eb0000, 0x00000000f1eb0000)
  to   space 2560K,   0% used [0x00000000f1eb0000, 0x00000000f1eb0000, 0x00000000f2130000)
 tenured generation   total 51520K, used 34828K [0x00000000f5aa0000, 0x00000000f8cf0000, 0x0000000100000000)
   the space 51520K,  67% used [0x00000000f5aa0000, 0x00000000f7ca30a0, 0x00000000f7ca3200, 0x00000000f8cf0000)
 Metaspace       used 26279K, capacity 27309K, committed 27520K, reserved 1075200K
  class space    used 2195K, capacity 2586K, committed 2688K, reserved 1048576K
}
Event: 175.283 GC heap before
{Heap before GC invocations=31 (full 3):
 def new generation   total 23232K, used 23232K [0x00000000f0800000, 0x00000000f2130000, 0x00000000f5aa0000)
  eden space 20672K, 100% used [0x00000000f0800000, 0x00000000f1c30000, 0x00000000f1c30000)
  from space 2560K, 100% used [0x00000000f1c30000, 0x00000000f1eb0000, 0x00000000f1eb0000)
  to   space 2560K,   0% used [0x00000000f1eb0000, 0x00000000f1eb0000, 0x00000000f2130000)
 tenured generation   total 51520K, used 34828K [0x00000000f5aa0000, 0x00000000f8cf0000, 0x0000000100000000)
   the space 51520K,  67% used [0x00000000f5aa0000, 0x00000000f7ca30a0, 0x00000000f7ca3200, 0x00000000f8cf0000)
 Metaspace       used 26911K, capacity 27916K, committed 28032K, reserved 1075200K
  class space    used 2253K, capacity 2663K, committed 2688K, reserved 1048576K
}
Event: 175.870 GC heap after
{Heap after GC invocations=32 (full 3):
 def new generation   total 23232K, used 2560K [0x00000000f0800000, 0x00000000f2130000, 0x00000000f5aa0000)
  eden space 20672K,   0% used [0x00000000f0800000, 0x00000000f0800000, 0x00000000f1c30000)
  from space 2560K, 100% used [0x00000000f1eb0000, 0x00000000f2130000, 0x00000000f2130000)
  to   space 2560K,   0% used [0x00000000f1c30000, 0x00000000f1c30000, 0x00000000f1eb0000)
 tenured generation   total 51520K, used 37622K [0x00000000f5aa0000, 0x00000000f8cf0000, 0x0000000100000000)
   the space 51520K,  73% used [0x00000000f5aa0000, 0x00000000f7f5d8e0, 0x00000000f7f5da00, 0x00000000f8cf0000)
 Metaspace       used 26911K, capacity 27916K, committed 28032K, reserved 1075200K
  class space    used 2253K, capacity 2663K, committed 2688K, reserved 1048576K
}
Event: 178.082 GC heap before
{Heap before GC invocations=32 (full 3):
 def new generation   total 23232K, used 22868K [0x00000000f0800000, 0x00000000f2130000, 0x00000000f5aa0000)
  eden space 20672K,  98% used [0x00000000f0800000, 0x00000000f1bd5120, 0x00000000f1c30000)
  from space 2560K, 100% used [0x00000000f1eb0000, 0x00000000f2130000, 0x00000000f2130000)
  to   space 2560K,   0% used [0x00000000f1c30000, 0x00000000f1c30000, 0x00000000f1eb0000)
 tenured generation   total 51520K, used 37622K [0x00000000f5aa0000, 0x00000000f8cf0000, 0x0000000100000000)
   the space 51520K,  73% used [0x00000000f5aa0000, 0x00000000f7f5d8e0, 0x00000000f7f5da00, 0x00000000f8cf0000)
 Metaspace       used 26913K, capacity 27916K, committed 28032K, reserved 1075200K
  class space    used 2253K, capacity 2663K, committed 2688K, reserved 1048576K
}
Event: 178.785 GC heap after
{Heap after GC invocations=33 (full 3):
 def new generation   total 23232K, used 2560K [0x00000000f0800000, 0x00000000f2130000, 0x00000000f5aa0000)
  eden space 20672K,   0% used [0x00000000f0800000, 0x00000000f0800000, 0x00000000f1c30000)
  from space 2560K, 100% used [0x00000000f1c30000, 0x00000000f1eb0000, 0x00000000f1eb0000)
  to   space 2560K,   0% used [0x00000000f1eb0000, 0x00000000f1eb0000, 0x00000000f2130000)
 tenured generation   total 51520K, used 43229K [0x00000000f5aa0000, 0x00000000f8cf0000, 0x0000000100000000)
   the space 51520K,  83% used [0x00000000f5aa0000, 0x00000000f84d77e8, 0x00000000f84d7800, 0x00000000f8cf0000)
 Metaspace       used 26913K, capacity 27916K, committed 28032K, reserved 1075200K
  class space    used 2253K, capacity 2663K, committed 2688K, reserved 1048576K
}
Event: 179.714 GC heap before
{Heap before GC invocations=33 (full 3):
 def new generation   total 23232K, used 23232K [0x00000000f0800000, 0x00000000f2130000, 0x00000000f5aa0000)
  eden space 20672K, 100% used [0x00000000f0800000, 0x00000000f1c30000, 0x00000000f1c30000)
  from space 2560K, 100% used [0x00000000f1c30000, 0x00000000f1eb0000, 0x00000000f1eb0000)
  to   space 2560K,   0% used [0x00000000f1eb0000, 0x00000000f1eb0000, 0x00000000f2130000)
 tenured generation   total 51520K, used 43229K [0x00000000f5aa0000, 0x00000000f8cf0000, 0x0000000100000000)
   the space 51520K,  83% used [0x00000000f5aa0000, 0x00000000f84d77e8, 0x00000000f84d7800, 0x00000000f8cf0000)
 Metaspace       used 26935K, capacity 27980K, committed 28288K, reserved 1075200K
  class space    used 2253K, capacity 2663K, committed 2688K, reserved 1048576K
}
Event: 180.097 GC heap after
{Heap after GC invocations=34 (full 3):
 def new generation   total 23232K, used 2560K [0x00000000f0800000, 0x00000000f2130000, 0x00000000f5aa0000)
  eden space 20672K,   0% used [0x00000000f0800000, 0x00000000f0800000, 0x00000000f1c30000)
  from space 2560K, 100% used [0x00000000f1eb0000, 0x00000000f2130000, 0x00000000f2130000)
  to   space 2560K,   0% used [0x00000000f1c30000, 0x00000000f1c30000, 0x00000000f1eb0000)
 tenured generation   total 51520K, used 51369K [0x00000000f5aa0000, 0x00000000f8cf0000, 0x0000000100000000)
   the space 51520K,  99% used [0x00000000f5aa0000, 0x00000000f8cca7c0, 0x00000000f8cca800, 0x00000000f8cf0000)
 Metaspace       used 26935K, capacity 27980K, committed 28288K, reserved 1075200K
  class space    used 2253K, capacity 2663K, committed 2688K, reserved 1048576K
}
Event: 181.494 GC heap before
{Heap before GC invocations=34 (full 3):
 def new generation   total 23232K, used 23232K [0x00000000f0800000, 0x00000000f2130000, 0x00000000f5aa0000)
  eden space 20672K, 100% used [0x00000000f0800000, 0x00000000f1c30000, 0x00000000f1c30000)
  from space 2560K, 100% used [0x00000000f1eb0000, 0x00000000f2130000, 0x00000000f2130000)
  to   space 2560K,   0% used [0x00000000f1c30000, 0x00000000f1c30000, 0x00000000f1eb0000)
 tenured generation   total 51520K, used 51369K [0x00000000f5aa0000, 0x00000000f8cf0000, 0x0000000100000000)
   the space 51520K,  99% used [0x00000000f5aa0000, 0x00000000f8cca7c0, 0x00000000f8cca800, 0x00000000f8cf0000)
 Metaspace       used 26935K, capacity 27980K, committed 28288K, reserved 1075200K
  class space    used 2253K, capacity 2663K, committed 2688K, reserved 1048576K
}

Deoptimization events (20 events):
Event: 173.704 Thread 0x00007fea48014800 Uncommon trap: trap_request=0xffffffc6 fr.pc=0x00007fea384c15e8 relative=0x0000000000000a88
Event: 173.704 Thread 0x00007fea48014800 Uncommon trap: reason=bimorphic_or_optimized_type_check action=maybe_recompile pc=0x00007fea384c15e8 method=lucee.runtime.type.scope.UndefinedImpl.getCollection(Llucee/runtime/type/Collection$Key;)Ljava/lang/Object; @ 141 c2
Event: 173.704 Thread 0x00007fea48014800 DEOPT PACKING pc=0x00007fea384c15e8 sp=0x00007fea4e1e60c0
Event: 173.704 Thread 0x00007fea48014800 DEOPT UNPACKING pc=0x00007fea308bf1a5 sp=0x00007fea4e1e6078 mode 2
Event: 174.354 Thread 0x00007fea48014800 Uncommon trap: trap_request=0xffffffde fr.pc=0x00007fea384b1f18 relative=0x0000000000001ad8
Event: 174.354 Thread 0x00007fea48014800 Uncommon trap: reason=class_check action=maybe_recompile pc=0x00007fea384b1f18 method=lucee.runtime.reflection.Reflector._clean(Ljava/util/Set;Ljava/lang/Object;)Ljava/lang/Object; @ 69 c2
Event: 174.355 Thread 0x00007fea48014800 DEOPT PACKING pc=0x00007fea384b1f18 sp=0x00007fea4e1e64a0
Event: 174.355 Thread 0x00007fea48014800 DEOPT UNPACKING pc=0x00007fea308bf1a5 sp=0x00007fea4e1e64a0 mode 2
Event: 174.355 Thread 0x00007fea48014800 Uncommon trap: trap_request=0xffffffde fr.pc=0x00007fea384b1f18 relative=0x0000000000001ad8
Event: 174.355 Thread 0x00007fea48014800 Uncommon trap: reason=class_check action=maybe_recompile pc=0x00007fea384b1f18 method=lucee.runtime.reflection.Reflector._clean(Ljava/util/Set;Ljava/lang/Object;)Ljava/lang/Object; @ 69 c2
Event: 174.355 Thread 0x00007fea48014800 DEOPT PACKING pc=0x00007fea384b1f18 sp=0x00007fea4e1e6370
Event: 174.355 Thread 0x00007fea48014800 DEOPT UNPACKING pc=0x00007fea308bf1a5 sp=0x00007fea4e1e6370 mode 2
Event: 175.147 Thread 0x00007fea48014800 Uncommon trap: trap_request=0xffffffde fr.pc=0x00007fea3848c024 relative=0x0000000000000084
Event: 175.147 Thread 0x00007fea48014800 Uncommon trap: reason=class_check action=maybe_recompile pc=0x00007fea3848c024 method=lucee.runtime.type.KeyImpl.equals(Ljava/lang/Object;)Z @ 8 c2
Event: 175.150 Thread 0x00007fea48014800 DEOPT PACKING pc=0x00007fea3848c024 sp=0x00007fea4e1e66b0
Event: 175.151 Thread 0x00007fea48014800 DEOPT UNPACKING pc=0x00007fea308bf1a5 sp=0x00007fea4e1e6660 mode 2
Event: 175.153 Thread 0x00007fea48014800 Uncommon trap: trap_request=0xffffffde fr.pc=0x00007fea3848c024 relative=0x0000000000000084
Event: 175.153 Thread 0x00007fea48014800 Uncommon trap: reason=class_check action=maybe_recompile pc=0x00007fea3848c024 method=lucee.runtime.type.KeyImpl.equals(Ljava/lang/Object;)Z @ 8 c2
Event: 175.153 Thread 0x00007fea48014800 DEOPT PACKING pc=0x00007fea3848c024 sp=0x00007fea4e1e66b0
Event: 175.153 Thread 0x00007fea48014800 DEOPT UNPACKING pc=0x00007fea308bf1a5 sp=0x00007fea4e1e6660 mode 2

Classes redefined (0 events):
No events

Internal exceptions (20 events):
Event: 151.931 Thread 0x00007fea48014800 Implicit null exception at 0x00007fea383df188 to 0x00007fea383df21a
Event: 151.977 Thread 0x00007fea48014800 Implicit null exception at 0x00007fea383c3b2f to 0x00007fea383c3bad
Event: 152.359 Thread 0x00007fea48014800 Exception <a 'java/lang/ClassNotFoundException'{0x00000000f0d59060}: com/sun/org/apache/xml/internal/serializer/spi/XMLEntitiesProvider> (0x00000000f0d59060) thrown at [src/hotspot/share/classfile/systemDictionary.cpp, line 231]
Event: 155.563 Thread 0x00007fea48014800 Implicit null exception at 0x00007fea38390a4d to 0x00007fea383917cc
Event: 157.060 Thread 0x00007fea48014800 Exception <a 'java/lang/NoSuchMethodError'{0x00000000f09d1268}: 'int java.lang.invoke.DirectMethodHandle$Holder.invokeVirtual(java.lang.Object, java.lang.Object, java.lang.Object)'> (0x00000000f09d1268) thrown at [src/hotspot/share/interpreter/linkResolver.cpp, line 773]
Event: 170.274 Thread 0x00007fea48014800 Exception <a 'java/io/FileNotFoundException'{0x00000000f109d8d0}> (0x00000000f109d8d0) thrown at [src/hotspot/share/prims/jni.cpp, line 615]
Event: 170.275 Thread 0x00007fea48014800 Exception <a 'java/lang/NoClassDefFoundError'{0x00000000f109ee38}: org/jline/reader/Completer> (0x00000000f109ee38) thrown at [src/hotspot/share/classfile/systemDictionary.cpp, line 220]
Event: 170.390 Thread 0x00007fea48014800 Exception <a 'java/lang/NoSuchMethodError'{0x00000000f11a9ae0}: 'com.sun.jna.Library com.sun.jna.Native.load(java.lang.String, java.lang.Class)'> (0x00000000f11a9ae0) thrown at [src/hotspot/share/interpreter/linkResolver.cpp, line 773]
Event: 170.390 Thread 0x00007fea48014800 Exception <a 'java/lang/NoSuchMethodError'{0x00000000f11a9ae0}> (0x00000000f11a9ae0) thrown at [src/hotspot/share/oops/instanceKlass.cpp, line 1029]
Event: 171.005 Thread 0x00007fea48014800 Exception <a 'java/lang/reflect/InvocationTargetException'{0x00000000f14b05c0}> (0x00000000f14b05c0) thrown at [src/hotspot/share/runtime/reflection.cpp, line 1247]
Event: 171.006 Thread 0x00007fea48014800 Exception <a 'java/lang/reflect/InvocationTargetException'{0x00000000f14b1e50}> (0x00000000f14b1e50) thrown at [src/hotspot/share/runtime/reflection.cpp, line 1247]
Event: 171.013 Thread 0x00007fea48014800 Exception <a 'java/lang/NoSuchMethodError'{0x00000000f14b5338}: 'void java.lang.invoke.DirectMethodHandle$Holder.invokeSpecial(java.lang.Object, java.lang.Object)'> (0x00000000f14b5338) thrown at [src/hotspot/share/interpreter/linkResolver.cpp, line 773]
Event: 171.292 Thread 0x00007fea48014800 Exception <a 'java/lang/NoSuchMethodError'{0x00000000f15d8ef8}: 'int java.lang.invoke.DirectMethodHandle$Holder.invokeStaticInit(java.lang.Object, java.lang.Object, java.lang.Object)'> (0x00000000f15d8ef8) thrown at [src/hotspot/share/interpreter/linkResolver.cpp, line 773]
Event: 171.295 Thread 0x00007fea48014800 Exception <a 'java/lang/NoSuchMethodError'{0x00000000f15df080}: 'int java.lang.invoke.DirectMethodHandle$Holder.invokeVirtual(java.lang.Object, java.lang.Object)'> (0x00000000f15df080) thrown at [src/hotspot/share/interpreter/linkResolver.cpp, line 773]
Event: 171.309 Thread 0x00007fea48014800 Exception <a 'java/lang/NoSuchMethodError'{0x00000000f15ed0d8}: 'void java.lang.invoke.DirectMethodHandle$Holder.invokeSpecial(java.lang.Object, java.lang.Object, java.lang.Object, java.lang.Object, java.lang.Object)'> (0x00000000f15ed0d8) thrown at [src/hotspot/share/interpreter/linkResolver.cpp, line 773]
Event: 174.491 Thread 0x00007fea48014800 Exception <a 'java/lang/NoSuchMethodError'{0x00000000f1b2c870}: 'java.lang.Object java.lang.invoke.DirectMethodHandle$Holder.invokeStaticInit(java.lang.Object, java.lang.Object, long, java.lang.Object)'> (0x00000000f1b2c870) thrown at [src/hotspot/share/interpreter/linkResolver.cpp, line 773]
Event: 174.498 Thread 0x00007fea48014800 Exception <a 'java/lang/NoSuchMethodError'{0x00000000f1b39010}: 'java.lang.Object java.lang.invoke.Invokers$Holder.linkToTargetMethod(java.lang.Object, long, java.lang.Object)'> (0x00000000f1b39010) thrown at [src/hotspot/share/interpreter/linkResolver.cpp, line 773]
Event: 174.707 Thread 0x00007fea48014800 Exception <a 'java/lang/NoSuchMethodError'{0x00000000f1b406b8}: 'java.lang.Object java.lang.invoke.DirectMethodHandle$Holder.invokeStatic(java.lang.Object, java.lang.Object, java.lang.Object, int)'> (0x00000000f1b406b8) thrown at [src/hotspot/share/interpreter/linkResolver.cpp, line 773]
Event: 174.718 Thread 0x00007fea48014800 Exception <a 'java/lang/NoSuchMethodError'{0x00000000f1b44878}: 'java.lang.Object java.lang.invoke.DirectMethodHandle$Holder.invokeSpecial(java.lang.Object, java.lang.Object, java.lang.Object, java.lang.Object, int)'> (0x00000000f1b44878) thrown at [src/hotspot/share/interpreter/linkResolver.cpp, line 773]
Event: 174.722 Thread 0x00007fea48014800 Exception <a 'java/lang/NoSuchMethodError'{0x00000000f1b480d8}: 'java.lang.Object java.lang.invoke.Invokers$Holder.linkToTargetMethod(java.lang.Object, java.lang.Object, int, java.lang.Object)'> (0x00000000f1b480d8) thrown at [src/hotspot/share/interpreter/linkResolver.cpp, line 773]

Events (20 events):
Event: 175.022 Executing VM operation: RevokeBias
Event: 175.039 loading class java/util/stream/LongStream
Event: 175.045 loading class java/util/stream/LongStream done
Event: 175.045 loading class java/util/stream/DoubleStream
Event: 175.047 loading class java/util/stream/DoubleStream done
Event: 175.048 Executing VM operation: RevokeBias done
Event: 175.049 loading class java/lang/ProcessBuilder$NullOutputStream
Event: 175.049 loading class java/lang/ProcessBuilder$NullOutputStream done
Event: 175.281 Executing VM operation: GenCollectForAllocation
Event: 175.901 Executing VM operation: GenCollectForAllocation done
Event: 178.071 Executing VM operation: GenCollectForAllocation
Event: 178.797 Executing VM operation: GenCollectForAllocation done
Event: 179.699 Executing VM operation: GenCollectForAllocation
Event: 180.111 Executing VM operation: GenCollectForAllocation done
Event: 180.169 Thread 0x00007fea48bdd800 Thread added: 0x00007fea48bdd800
Event: 180.176 Protecting memory [0x00007fea30598000,0x00007fea3059c000] with protection modes 0
Event: 180.209 Executing VM operation: RevokeBias
Event: 180.307 Executing VM operation: RevokeBias done
Event: 180.323 Thread 0x00007fea48bdd800 Thread exited: 0x00007fea48bdd800
Event: 181.486 Executing VM operation: GenCollectForAllocation


Dynamic libraries:
f0800000-f2130000 rw-p 00000000 00:00 0 
f2130000-f5aa0000 ---p 00000000 00:00 0 
f5aa0000-f91a0000 rw-p 00000000 00:00 0 
fb64b000-100000000 ---p 00000000 00:00 0 
800000000-800002000 rwxp 00001000 fe:01 792828                           /usr/lib/jvm/java-11-openjdk-amd64/lib/server/classes.jsa
800002000-8003b9000 rw-p 00003000 fe:01 792828                           /usr/lib/jvm/java-11-openjdk-amd64/lib/server/classes.jsa
8003b9000-800a82000 r--p 003ba000 fe:01 792828                           /usr/lib/jvm/java-11-openjdk-amd64/lib/server/classes.jsa
800a82000-800a83000 rw-p 00a83000 fe:01 792828                           /usr/lib/jvm/java-11-openjdk-amd64/lib/server/classes.jsa
800a83000-801091000 r--p 00a84000 fe:01 792828                           /usr/lib/jvm/java-11-openjdk-amd64/lib/server/classes.jsa
840000000-8402a0000 rw-p 00000000 00:00 0 
8402a0000-880000000 ---p 00000000 00:00 0 
55dd5358c000-55dd5358d000 r--p 00000000 fe:01 792633                     /usr/lib/jvm/java-11-openjdk-amd64/bin/java
55dd5358d000-55dd5358e000 r-xp 00001000 fe:01 792633                     /usr/lib/jvm/java-11-openjdk-amd64/bin/java
55dd5358e000-55dd5358f000 r--p 00002000 fe:01 792633                     /usr/lib/jvm/java-11-openjdk-amd64/bin/java
55dd5358f000-55dd53590000 r--p 00002000 fe:01 792633                     /usr/lib/jvm/java-11-openjdk-amd64/bin/java
55dd53590000-55dd53591000 rw-p 00003000 fe:01 792633                     /usr/lib/jvm/java-11-openjdk-amd64/bin/java
55dd53a6d000-55dd53aaf000 rw-p 00000000 00:00 0                          [heap]
7fea133fd000-7fea134fd000 rw-p 00000000 00:00 0 
7fea134fd000-7fea135fd000 ---p 00000000 00:00 0 
7fea135fd000-7fea13600000 r-xp 00000000 fe:01 793104                     /root/.CommandBox/lib/jansi/libjansi-1.18-14274550731576963365.so
7fea13600000-7fea137ff000 ---p 00003000 fe:01 793104                     /root/.CommandBox/lib/jansi/libjansi-1.18-14274550731576963365.so
7fea137ff000-7fea13800000 rw-p 00002000 fe:01 793104                     /root/.CommandBox/lib/jansi/libjansi-1.18-14274550731576963365.so
7fea13800000-7fea13a00000 rw-p 00000000 00:00 0 
7fea13a00000-7fea13c00000 rw-p 00000000 00:00 0 
7fea13c00000-7fea13e00000 rw-p 00000000 00:00 0 
7fea13e00000-7fea14000000 rw-p 00000000 00:00 0 
7fea14000000-7fea148d1000 rw-p 00000000 00:00 0 
7fea148d1000-7fea18000000 ---p 00000000 00:00 0 
7fea18000000-7fea18021000 rw-p 00000000 00:00 0 
7fea18021000-7fea1c000000 ---p 00000000 00:00 0 
7fea1c000000-7fea1c021000 rw-p 00000000 00:00 0 
7fea1c021000-7fea20000000 ---p 00000000 00:00 0 
7fea20000000-7fea218c8000 rw-p 00000000 00:00 0 
7fea218c8000-7fea24000000 ---p 00000000 00:00 0 
7fea24000000-7fea24021000 rw-p 00000000 00:00 0 
7fea24021000-7fea28000000 ---p 00000000 00:00 0 
7fea28000000-7fea2802a000 rw-p 00000000 00:00 0 
7fea2802a000-7fea2c000000 ---p 00000000 00:00 0 
7fea2c000000-7fea2c157000 rw-p 00000000 00:00 0 
7fea2c157000-7fea30000000 ---p 00000000 00:00 0 
7fea3015a000-7fea3015e000 ---p 00000000 00:00 0 
7fea3015e000-7fea3017c000 rw-p 00000000 00:00 0 
7fea3017c000-7fea3017d000 r--p 00000000 fe:01 3739                       /usr/lib/x86_64-linux-gnu/libutil-2.28.so
7fea3017d000-7fea3017e000 r-xp 00001000 fe:01 3739                       /usr/lib/x86_64-linux-gnu/libutil-2.28.so
7fea3017e000-7fea3017f000 r--p 00002000 fe:01 3739                       /usr/lib/x86_64-linux-gnu/libutil-2.28.so
7fea3017f000-7fea30180000 r--p 00002000 fe:01 3739                       /usr/lib/x86_64-linux-gnu/libutil-2.28.so
7fea30180000-7fea30181000 rw-p 00003000 fe:01 3739                       /usr/lib/x86_64-linux-gnu/libutil-2.28.so
7fea30181000-7fea30184000 r--p 00000000 fe:01 2008                       /usr/lib/x86_64-linux-gnu/libnss_files-2.28.so
7fea30184000-7fea3018b000 r-xp 00003000 fe:01 2008                       /usr/lib/x86_64-linux-gnu/libnss_files-2.28.so
7fea3018b000-7fea3018d000 r--p 0000a000 fe:01 2008                       /usr/lib/x86_64-linux-gnu/libnss_files-2.28.so
7fea3018d000-7fea3018e000 ---p 0000c000 fe:01 2008                       /usr/lib/x86_64-linux-gnu/libnss_files-2.28.so
7fea3018e000-7fea3018f000 r--p 0000c000 fe:01 2008                       /usr/lib/x86_64-linux-gnu/libnss_files-2.28.so
7fea3018f000-7fea30190000 rw-p 0000d000 fe:01 2008                       /usr/lib/x86_64-linux-gnu/libnss_files-2.28.so
7fea30190000-7fea30396000 rw-p 00000000 00:00 0 
7fea30396000-7fea3039a000 ---p 00000000 00:00 0 
7fea3039a000-7fea30497000 rw-p 00000000 00:00 0 
7fea30497000-7fea3049b000 ---p 00000000 00:00 0 
7fea3049b000-7fea30598000 rw-p 00000000 00:00 0 
7fea30598000-7fea3059c000 ---p 00000000 00:00 0 
7fea3059c000-7fea30899000 rw-p 00000000 00:00 0 
7fea30899000-7fea30b09000 rwxp 00000000 00:00 0 
7fea30b09000-7fea30e28000 ---p 00000000 00:00 0 
7fea30e28000-7fea319d8000 rwxp 00000000 00:00 0 
7fea319d8000-7fea38360000 ---p 00000000 00:00 0 
7fea38360000-7fea385d0000 rwxp 00000000 00:00 0 
7fea385d0000-7fea3f899000 ---p 00000000 00:00 0 
7fea3f899000-7fea48000000 r--s 00000000 fe:01 792703                     /usr/lib/jvm/java-11-openjdk-amd64/lib/modules
7fea48000000-7fea48ed4000 rw-p 00000000 00:00 0 
7fea48ed4000-7fea4c000000 ---p 00000000 00:00 0 
7fea4c00f000-7fea4c20f000 rw-p 00000000 00:00 0 
7fea4c20f000-7fea4c40f000 rw-p 00000000 00:00 0 
7fea4c40f000-7fea4c411000 r--p 00000000 fe:01 792691                     /usr/lib/jvm/java-11-openjdk-amd64/lib/libmanagement_ext.so
7fea4c411000-7fea4c414000 r-xp 00002000 fe:01 792691                     /usr/lib/jvm/java-11-openjdk-amd64/lib/libmanagement_ext.so
7fea4c414000-7fea4c415000 r--p 00005000 fe:01 792691                     /usr/lib/jvm/java-11-openjdk-amd64/lib/libmanagement_ext.so
7fea4c415000-7fea4c416000 ---p 00006000 fe:01 792691                     /usr/lib/jvm/java-11-openjdk-amd64/lib/libmanagement_ext.so
7fea4c416000-7fea4c417000 r--p 00006000 fe:01 792691                     /usr/lib/jvm/java-11-openjdk-amd64/lib/libmanagement_ext.so
7fea4c417000-7fea4c418000 rw-p 00007000 fe:01 792691                     /usr/lib/jvm/java-11-openjdk-amd64/lib/libmanagement_ext.so
7fea4c418000-7fea4c41b000 r--p 00000000 fe:01 792689                     /usr/lib/jvm/java-11-openjdk-amd64/lib/libmanagement.so
7fea4c41b000-7fea4c41c000 r-xp 00003000 fe:01 792689                     /usr/lib/jvm/java-11-openjdk-amd64/lib/libmanagement.so
7fea4c41c000-7fea4c41d000 r--p 00004000 fe:01 792689                     /usr/lib/jvm/java-11-openjdk-amd64/lib/libmanagement.so
7fea4c41d000-7fea4c41e000 r--p 00004000 fe:01 792689                     /usr/lib/jvm/java-11-openjdk-amd64/lib/libmanagement.so
7fea4c41e000-7fea4c41f000 rw-p 00005000 fe:01 792689                     /usr/lib/jvm/java-11-openjdk-amd64/lib/libmanagement.so
7fea4c41f000-7fea4c423000 ---p 00000000 00:00 0 
7fea4c423000-7fea4c520000 rw-p 00000000 00:00 0 
7fea4c520000-7fea4c524000 ---p 00000000 00:00 0 
7fea4c524000-7fea4c621000 rw-p 00000000 00:00 0 
7fea4c621000-7fea4c625000 ---p 00000000 00:00 0 
7fea4c625000-7fea4c722000 rw-p 00000000 00:00 0 
7fea4c722000-7fea4c72a000 r--p 00000000 fe:01 792699                     /usr/lib/jvm/java-11-openjdk-amd64/lib/libsunec.so
7fea4c72a000-7fea4c742000 r-xp 00008000 fe:01 792699                     /usr/lib/jvm/java-11-openjdk-amd64/lib/libsunec.so
7fea4c742000-7fea4c74c000 r--p 00020000 fe:01 792699                     /usr/lib/jvm/java-11-openjdk-amd64/lib/libsunec.so
7fea4c74c000-7fea4c74d000 ---p 0002a000 fe:01 792699                     /usr/lib/jvm/java-11-openjdk-amd64/lib/libsunec.so
7fea4c74d000-7fea4c751000 r--p 0002a000 fe:01 792699                     /usr/lib/jvm/java-11-openjdk-amd64/lib/libsunec.so
7fea4c751000-7fea4c753000 rw-p 0002e000 fe:01 792699                     /usr/lib/jvm/java-11-openjdk-amd64/lib/libsunec.so
7fea4c753000-7fea4c784000 rw-p 00000000 00:00 0 
7fea4c784000-7fea4c788000 r--p 00000000 fe:01 792693                     /usr/lib/jvm/java-11-openjdk-amd64/lib/libnet.so
7fea4c788000-7fea4c797000 r-xp 00004000 fe:01 792693                     /usr/lib/jvm/java-11-openjdk-amd64/lib/libnet.so
7fea4c797000-7fea4c79b000 r--p 00013000 fe:01 792693                     /usr/lib/jvm/java-11-openjdk-amd64/lib/libnet.so
7fea4c79b000-7fea4c79c000 r--p 00016000 fe:01 792693                     /usr/lib/jvm/java-11-openjdk-amd64/lib/libnet.so
7fea4c79c000-7fea4c79d000 rw-p 00017000 fe:01 792693                     /usr/lib/jvm/java-11-openjdk-amd64/lib/libnet.so
7fea4c79d000-7fea4c7a4000 r--p 00000000 fe:01 792694                     /usr/lib/jvm/java-11-openjdk-amd64/lib/libnio.so
7fea4c7a4000-7fea4c7ab000 r-xp 00007000 fe:01 792694                     /usr/lib/jvm/java-11-openjdk-amd64/lib/libnio.so
7fea4c7ab000-7fea4c7ae000 r--p 0000e000 fe:01 792694                     /usr/lib/jvm/java-11-openjdk-amd64/lib/libnio.so
7fea4c7ae000-7fea4c7af000 r--p 00010000 fe:01 792694                     /usr/lib/jvm/java-11-openjdk-amd64/lib/libnio.so
7fea4c7af000-7fea4c7b0000 rw-p 00011000 fe:01 792694                     /usr/lib/jvm/java-11-openjdk-amd64/lib/libnio.so
7fea4c7b0000-7fea4c7b4000 ---p 00000000 00:00 0 
7fea4c7b4000-7fea4c8b1000 rw-p 00000000 00:00 0 
7fea4c8b1000-7fea4c8b2000 ---p 00000000 00:00 0 
7fea4c8b2000-7fea4c9b3000 rw-p 00000000 00:00 0 
7fea4c9b3000-7fea4c9b7000 ---p 00000000 00:00 0 
7fea4c9b7000-7fea4cab4000 rw-p 00000000 00:00 0 
7fea4cab4000-7fea4cab8000 ---p 00000000 00:00 0 
7fea4cab8000-7fea4cbb5000 rw-p 00000000 00:00 0 
7fea4cbb5000-7fea4cbb9000 ---p 00000000 00:00 0 
7fea4cbb9000-7fea4ccb6000 rw-p 00000000 00:00 0 
7fea4ccb6000-7fea4ccba000 ---p 00000000 00:00 0 
7fea4ccba000-7fea4cdb7000 rw-p 00000000 00:00 0 
7fea4cdb7000-7fea4cdbb000 ---p 00000000 00:00 0 
7fea4cdbb000-7fea4ceb8000 rw-p 00000000 00:00 0 
7fea4ceb8000-7fea4cf0b000 r--p 00000000 fe:01 20754                      /usr/lib/locale/aa_DJ.utf8/LC_CTYPE
7fea4cf0b000-7fea4cf0c000 r--p 00000000 fe:01 21153                      /usr/lib/locale/aa_ET/LC_NUMERIC
7fea4cf0c000-7fea4cf0d000 r--p 00000000 fe:01 23912                      /usr/lib/locale/en_US.utf8/LC_TIME
7fea4cf0d000-7fea4d185000 r--p 00000000 fe:01 20753                      /usr/lib/locale/aa_DJ.utf8/LC_COLLATE
7fea4d185000-7fea4d186000 r--p 00000000 fe:01 23530                      /usr/lib/locale/chr_US/LC_MONETARY
7fea4d186000-7fea4d187000 r--p 00000000 fe:01 23751                      /usr/lib/locale/en_AG/LC_MESSAGES/SYS_LC_MESSAGES
7fea4d187000-7fea4d188000 r--p 00000000 fe:01 23531                      /usr/lib/locale/chr_US/LC_PAPER
7fea4d188000-7fea4d189000 r--p 00000000 fe:01 23404                      /usr/lib/locale/bi_VU/LC_NAME
7fea4d189000-7fea4d18a000 r--p 00000000 fe:01 23910                      /usr/lib/locale/en_US.utf8/LC_ADDRESS
7fea4d18a000-7fea4d18b000 r--p 00000000 fe:01 23532                      /usr/lib/locale/chr_US/LC_TELEPHONE
7fea4d18b000-7fea4d18c000 r--p 00000000 fe:01 23528                      /usr/lib/locale/chr_US/LC_MEASUREMENT
7fea4d18c000-7fea4d193000 r--s 00000000 fe:01 7427                       /usr/lib/x86_64-linux-gnu/gconv/gconv-modules.cache
7fea4d193000-7fea4d194000 r--p 00000000 fe:01 23911                      /usr/lib/locale/en_US.utf8/LC_IDENTIFICATION
7fea4d194000-7fea4d198000 ---p 00000000 00:00 0 
7fea4d198000-7fea4d295000 rw-p 00000000 00:00 0 
7fea4d295000-7fea4d299000 ---p 00000000 00:00 0 
7fea4d299000-7fea4d396000 rw-p 00000000 00:00 0 
7fea4d396000-7fea4d397000 ---p 00000000 00:00 0 
7fea4d397000-7fea4dd9c000 rw-p 00000000 00:00 0 
7fea4dd9c000-7fea4ddfa000 rw-p 00000000 00:00 0 
7fea4ddfa000-7fea4de31000 ---p 00000000 00:00 0 
7fea4de31000-7fea4de3e000 rw-p 00000000 00:00 0 
7fea4de3e000-7fea4de5a000 ---p 00000000 00:00 0 
7fea4de5a000-7fea4de76000 rw-p 00000000 00:00 0 
7fea4de76000-7fea4dead000 ---p 00000000 00:00 0 
7fea4dead000-7fea4deb3000 rw-p 00000000 00:00 0 
7fea4deb3000-7fea4df99000 ---p 00000000 00:00 0 
7fea4df99000-7fea4dfb1000 rw-p 00000000 00:00 0 
7fea4dfb1000-7fea4e084000 ---p 00000000 00:00 0 
7fea4e084000-7fea4e089000 rw-p 00000000 00:00 0 
7fea4e089000-7fea4e090000 ---p 00000000 00:00 0 
7fea4e090000-7fea4e092000 r--s 00007000 fe:01 40392                      /usr/share/java/java-atk-wrapper.jar
7fea4e092000-7fea4e094000 r--p 00000000 fe:01 792702                     /usr/lib/jvm/java-11-openjdk-amd64/lib/libzip.so
7fea4e094000-7fea4e098000 r-xp 00002000 fe:01 792702                     /usr/lib/jvm/java-11-openjdk-amd64/lib/libzip.so
7fea4e098000-7fea4e09a000 r--p 00006000 fe:01 792702                     /usr/lib/jvm/java-11-openjdk-amd64/lib/libzip.so
7fea4e09a000-7fea4e09b000 r--p 00007000 fe:01 792702                     /usr/lib/jvm/java-11-openjdk-amd64/lib/libzip.so
7fea4e09b000-7fea4e09c000 rw-p 00008000 fe:01 792702                     /usr/lib/jvm/java-11-openjdk-amd64/lib/libzip.so
7fea4e09c000-7fea4e0a4000 rw-s 00000000 fe:01 64982                      /tmp/hsperfdata_root/14633
7fea4e0a4000-7fea4e0b2000 r--p 00000000 fe:01 792681                     /usr/lib/jvm/java-11-openjdk-amd64/lib/libjava.so
7fea4e0b2000-7fea4e0c7000 r-xp 0000e000 fe:01 792681                     /usr/lib/jvm/java-11-openjdk-amd64/lib/libjava.so
7fea4e0c7000-7fea4e0ce000 r--p 00023000 fe:01 792681                     /usr/lib/jvm/java-11-openjdk-amd64/lib/libjava.so
7fea4e0ce000-7fea4e0cf000 r--p 00029000 fe:01 792681                     /usr/lib/jvm/java-11-openjdk-amd64/lib/libjava.so
7fea4e0cf000-7fea4e0d0000 rw-p 0002a000 fe:01 792681                     /usr/lib/jvm/java-11-openjdk-amd64/lib/libjava.so
7fea4e0d0000-7fea4e0d1000 rw-p 00000000 00:00 0 
7fea4e0d1000-7fea4e0d6000 r--p 00000000 fe:01 792701                     /usr/lib/jvm/java-11-openjdk-amd64/lib/libverify.so
7fea4e0d6000-7fea4e0dd000 r-xp 00005000 fe:01 792701                     /usr/lib/jvm/java-11-openjdk-amd64/lib/libverify.so
7fea4e0dd000-7fea4e0df000 r--p 0000c000 fe:01 792701                     /usr/lib/jvm/java-11-openjdk-amd64/lib/libverify.so
7fea4e0df000-7fea4e0e1000 r--p 0000d000 fe:01 792701                     /usr/lib/jvm/java-11-openjdk-amd64/lib/libverify.so
7fea4e0e1000-7fea4e0e2000 rw-p 0000f000 fe:01 792701                     /usr/lib/jvm/java-11-openjdk-amd64/lib/libverify.so
7fea4e0e2000-7fea4e0e4000 r--p 00000000 fe:01 3737                       /usr/lib/x86_64-linux-gnu/librt-2.28.so
7fea4e0e4000-7fea4e0e8000 r-xp 00002000 fe:01 3737                       /usr/lib/x86_64-linux-gnu/librt-2.28.so
7fea4e0e8000-7fea4e0ea000 r--p 00006000 fe:01 3737                       /usr/lib/x86_64-linux-gnu/librt-2.28.so
7fea4e0ea000-7fea4e0eb000 r--p 00007000 fe:01 3737                       /usr/lib/x86_64-linux-gnu/librt-2.28.so
7fea4e0eb000-7fea4e0ec000 rw-p 00008000 fe:01 3737                       /usr/lib/x86_64-linux-gnu/librt-2.28.so
7fea4e0ec000-7fea4e0f0000 ---p 00000000 00:00 0 
7fea4e0f0000-7fea4e1ed000 rw-p 00000000 00:00 0 
7fea4e1ed000-7fea4e1f0000 r--p 00000000 fe:01 1902                       /usr/lib/x86_64-linux-gnu/libgcc_s.so.1
7fea4e1f0000-7fea4e201000 r-xp 00003000 fe:01 1902                       /usr/lib/x86_64-linux-gnu/libgcc_s.so.1
7fea4e201000-7fea4e204000 r--p 00014000 fe:01 1902                       /usr/lib/x86_64-linux-gnu/libgcc_s.so.1
7fea4e204000-7fea4e205000 ---p 00017000 fe:01 1902                       /usr/lib/x86_64-linux-gnu/libgcc_s.so.1
7fea4e205000-7fea4e206000 r--p 00017000 fe:01 1902                       /usr/lib/x86_64-linux-gnu/libgcc_s.so.1
7fea4e206000-7fea4e207000 rw-p 00018000 fe:01 1902                       /usr/lib/x86_64-linux-gnu/libgcc_s.so.1
7fea4e207000-7fea4e214000 r--p 00000000 fe:01 2000                       /usr/lib/x86_64-linux-gnu/libm-2.28.so
7fea4e214000-7fea4e2b3000 r-xp 0000d000 fe:01 2000                       /usr/lib/x86_64-linux-gnu/libm-2.28.so
7fea4e2b3000-7fea4e388000 r--p 000ac000 fe:01 2000                       /usr/lib/x86_64-linux-gnu/libm-2.28.so
7fea4e388000-7fea4e389000 r--p 00180000 fe:01 2000                       /usr/lib/x86_64-linux-gnu/libm-2.28.so
7fea4e389000-7fea4e38a000 rw-p 00181000 fe:01 2000                       /usr/lib/x86_64-linux-gnu/libm-2.28.so
7fea4e38a000-7fea4e413000 r--p 00000000 fe:01 1914                       /usr/lib/x86_64-linux-gnu/libstdc++.so.6.0.25
7fea4e413000-7fea4e4bf000 r-xp 00089000 fe:01 1914                       /usr/lib/x86_64-linux-gnu/libstdc++.so.6.0.25
7fea4e4bf000-7fea4e4fd000 r--p 00135000 fe:01 1914                       /usr/lib/x86_64-linux-gnu/libstdc++.so.6.0.25
7fea4e4fd000-7fea4e4fe000 ---p 00173000 fe:01 1914                       /usr/lib/x86_64-linux-gnu/libstdc++.so.6.0.25
7fea4e4fe000-7fea4e508000 r--p 00173000 fe:01 1914                       /usr/lib/x86_64-linux-gnu/libstdc++.so.6.0.25
7fea4e508000-7fea4e50a000 rw-p 0017d000 fe:01 1914                       /usr/lib/x86_64-linux-gnu/libstdc++.so.6.0.25
7fea4e50a000-7fea4e50e000 rw-p 00000000 00:00 0 
7fea4e50e000-7fea4e787000 r--p 00000000 fe:01 792708                     /usr/lib/jvm/java-11-openjdk-amd64/lib/server/libjvm.so
7fea4e787000-7fea4f398000 r-xp 00279000 fe:01 792708                     /usr/lib/jvm/java-11-openjdk-amd64/lib/server/libjvm.so
7fea4f398000-7fea4f5ef000 r--p 00e8a000 fe:01 792708                     /usr/lib/jvm/java-11-openjdk-amd64/lib/server/libjvm.so
7fea4f5ef000-7fea4f6b0000 r--p 010e0000 fe:01 792708                     /usr/lib/jvm/java-11-openjdk-amd64/lib/server/libjvm.so
7fea4f6b0000-7fea4f6eb000 rw-p 011a1000 fe:01 792708                     /usr/lib/jvm/java-11-openjdk-amd64/lib/server/libjvm.so
7fea4f6eb000-7fea4f744000 rw-p 00000000 00:00 0 
7fea4f744000-7fea4f766000 r--p 00000000 fe:01 1997                       /usr/lib/x86_64-linux-gnu/libc-2.28.so
7fea4f766000-7fea4f8ae000 r-xp 00022000 fe:01 1997                       /usr/lib/x86_64-linux-gnu/libc-2.28.so
7fea4f8ae000-7fea4f8fa000 r--p 0016a000 fe:01 1997                       /usr/lib/x86_64-linux-gnu/libc-2.28.so
7fea4f8fa000-7fea4f8fb000 ---p 001b6000 fe:01 1997                       /usr/lib/x86_64-linux-gnu/libc-2.28.so
7fea4f8fb000-7fea4f8ff000 r--p 001b6000 fe:01 1997                       /usr/lib/x86_64-linux-gnu/libc-2.28.so
7fea4f8ff000-7fea4f901000 rw-p 001ba000 fe:01 1997                       /usr/lib/x86_64-linux-gnu/libc-2.28.so
7fea4f901000-7fea4f905000 rw-p 00000000 00:00 0 
7fea4f905000-7fea4f906000 r--p 00000000 fe:01 1999                       /usr/lib/x86_64-linux-gnu/libdl-2.28.so
7fea4f906000-7fea4f907000 r-xp 00001000 fe:01 1999                       /usr/lib/x86_64-linux-gnu/libdl-2.28.so
7fea4f907000-7fea4f908000 r--p 00002000 fe:01 1999                       /usr/lib/x86_64-linux-gnu/libdl-2.28.so
7fea4f908000-7fea4f909000 r--p 00002000 fe:01 1999                       /usr/lib/x86_64-linux-gnu/libdl-2.28.so
7fea4f909000-7fea4f90a000 rw-p 00003000 fe:01 1999                       /usr/lib/x86_64-linux-gnu/libdl-2.28.so
7fea4f90a000-7fea4f90d000 r--p 00000000 fe:01 792665                     /usr/lib/jvm/java-11-openjdk-amd64/lib/jli/libjli.so
7fea4f90d000-7fea4f917000 r-xp 00003000 fe:01 792665                     /usr/lib/jvm/java-11-openjdk-amd64/lib/jli/libjli.so
7fea4f917000-7fea4f91a000 r--p 0000d000 fe:01 792665                     /usr/lib/jvm/java-11-openjdk-amd64/lib/jli/libjli.so
7fea4f91a000-7fea4f91b000 ---p 00010000 fe:01 792665                     /usr/lib/jvm/java-11-openjdk-amd64/lib/jli/libjli.so
7fea4f91b000-7fea4f91c000 r--p 00010000 fe:01 792665                     /usr/lib/jvm/java-11-openjdk-amd64/lib/jli/libjli.so
7fea4f91c000-7fea4f91d000 rw-p 00011000 fe:01 792665                     /usr/lib/jvm/java-11-openjdk-amd64/lib/jli/libjli.so
7fea4f91d000-7fea4f923000 r--p 00000000 fe:01 3735                       /usr/lib/x86_64-linux-gnu/libpthread-2.28.so
7fea4f923000-7fea4f932000 r-xp 00006000 fe:01 3735                       /usr/lib/x86_64-linux-gnu/libpthread-2.28.so
7fea4f932000-7fea4f938000 r--p 00015000 fe:01 3735                       /usr/lib/x86_64-linux-gnu/libpthread-2.28.so
7fea4f938000-7fea4f939000 r--p 0001a000 fe:01 3735                       /usr/lib/x86_64-linux-gnu/libpthread-2.28.so
7fea4f939000-7fea4f93a000 rw-p 0001b000 fe:01 3735                       /usr/lib/x86_64-linux-gnu/libpthread-2.28.so
7fea4f93a000-7fea4f93e000 rw-p 00000000 00:00 0 
7fea4f93e000-7fea4f95a000 r-xp 00000000 fe:01 4687                       /usr/lib/x86_64-linux-gnu/libz.so.1.2.11
7fea4f95a000-7fea4fb5a000 ---p 0001c000 fe:01 4687                       /usr/lib/x86_64-linux-gnu/libz.so.1.2.11
7fea4fb5a000-7fea4fb5b000 r--p 0001c000 fe:01 4687                       /usr/lib/x86_64-linux-gnu/libz.so.1.2.11
7fea4fb5b000-7fea4fb5c000 rw-p 0001d000 fe:01 4687                       /usr/lib/x86_64-linux-gnu/libz.so.1.2.11
7fea4fb5c000-7fea4fb5e000 rw-p 00000000 00:00 0 
7fea4fb5e000-7fea4fb5f000 ---p 00000000 00:00 0 
7fea4fb5f000-7fea4fb60000 r--p 00000000 00:00 0 
7fea4fb60000-7fea4fb62000 r--p 00000000 fe:01 792685                     /usr/lib/jvm/java-11-openjdk-amd64/lib/libjimage.so
7fea4fb62000-7fea4fb65000 r-xp 00002000 fe:01 792685                     /usr/lib/jvm/java-11-openjdk-amd64/lib/libjimage.so
7fea4fb65000-7fea4fb67000 r--p 00005000 fe:01 792685                     /usr/lib/jvm/java-11-openjdk-amd64/lib/libjimage.so
7fea4fb67000-7fea4fb68000 r--p 00006000 fe:01 792685                     /usr/lib/jvm/java-11-openjdk-amd64/lib/libjimage.so
7fea4fb68000-7fea4fb69000 rw-p 00007000 fe:01 792685                     /usr/lib/jvm/java-11-openjdk-amd64/lib/libjimage.so
7fea4fb69000-7fea4fb6a000 r--p 00000000 fe:01 1992                       /usr/lib/x86_64-linux-gnu/ld-2.28.so
7fea4fb6a000-7fea4fb88000 r-xp 00001000 fe:01 1992                       /usr/lib/x86_64-linux-gnu/ld-2.28.so
7fea4fb88000-7fea4fb90000 r--p 0001f000 fe:01 1992                       /usr/lib/x86_64-linux-gnu/ld-2.28.so
7fea4fb90000-7fea4fb91000 r--p 00026000 fe:01 1992                       /usr/lib/x86_64-linux-gnu/ld-2.28.so
7fea4fb91000-7fea4fb92000 rw-p 00027000 fe:01 1992                       /usr/lib/x86_64-linux-gnu/ld-2.28.so
7fea4fb92000-7fea4fb93000 rw-p 00000000 00:00 0 
7ffdb32cc000-7ffdb32ed000 rw-p 00000000 00:00 0                          [stack]
7ffdb3389000-7ffdb338c000 r--p 00000000 00:00 0                          [vvar]
7ffdb338c000-7ffdb338e000 r-xp 00000000 00:00 0                          [vdso]


VM Arguments:
java_command: cliloader.LoaderCLIMain
java_class_path (initial): /usr/local/bin/box
Launcher Type: SUN_STANDARD

[Global flags]
     intx CICompilerCount                          = 2                                         {product} {ergonomic}
   size_t InitialHeapSize                          = 16777216                                  {product} {ergonomic}
   size_t MaxHeapSize                              = 260046848                                 {product} {ergonomic}
   size_t MaxNewSize                               = 86638592                                  {product} {ergonomic}
   size_t MinHeapDeltaBytes                        = 196608                                    {product} {ergonomic}
   size_t NewSize                                  = 5570560                                   {product} {ergonomic}
    uintx NonNMethodCodeHeapSize                   = 5825164                                {pd product} {ergonomic}
    uintx NonProfiledCodeHeapSize                  = 122916538                              {pd product} {ergonomic}
   size_t OldSize                                  = 11206656                                  {product} {ergonomic}
    uintx ProfiledCodeHeapSize                     = 122916538                              {pd product} {ergonomic}
    uintx ReservedCodeCacheSize                    = 251658240                              {pd product} {ergonomic}
     bool SegmentedCodeCache                       = true                                      {product} {ergonomic}
     bool UseCompressedClassPointers               = true                                 {lp64_product} {ergonomic}
     bool UseCompressedOops                        = true                                 {lp64_product} {ergonomic}
     bool UseSerialGC                              = true                                      {product} {ergonomic}

Logging:
Log output configuration:
 #0: stdout all=warning uptime,level,tags
 #1: stderr all=off uptime,level,tags

Environment Variables:
CLASSPATH=/usr/local/bin/box
PATH=/root/.vscode-server/bin/e4503b30fc78200f846c62cf8091b76ff5547662/bin/remote-cli:/usr/local/sbin:/usr/local/bin:/usr/sbin:/usr/bin:/sbin:/bin
SHELL=/bin/bash
LANG=en_US.UTF-8
LC_ALL=en_US.UTF-8

Signal Handlers:
SIGSEGV: [libjvm.so+0xe170c0], sa_mask[0]=11111111011111111101111111111110, sa_flags=SA_RESTART|SA_SIGINFO
SIGBUS: [libjvm.so+0xe170c0], sa_mask[0]=11111111011111111101111111111110, sa_flags=SA_RESTART|SA_SIGINFO
SIGFPE: [libjvm.so+0xe170c0], sa_mask[0]=11111111011111111101111111111110, sa_flags=SA_RESTART|SA_SIGINFO
SIGPIPE: [libjvm.so+0xb6c750], sa_mask[0]=11111111011111111101111111111110, sa_flags=SA_RESTART|SA_SIGINFO
SIGXFSZ: [libjvm.so+0xb6c750], sa_mask[0]=11111111011111111101111111111110, sa_flags=SA_RESTART|SA_SIGINFO
SIGILL: [libjvm.so+0xe170c0], sa_mask[0]=11111111011111111101111111111110, sa_flags=SA_RESTART|SA_SIGINFO
SIGUSR2: [libjvm.so+0xb6c5e0], sa_mask[0]=00000000000000000000000000000000, sa_flags=SA_RESTART|SA_SIGINFO
SIGHUP: [libjvm.so+0xb6ca90], sa_mask[0]=11111111011111111101111111111110, sa_flags=SA_RESTART|SA_SIGINFO
SIGINT: [libjvm.so+0xb6ca90], sa_mask[0]=11111111011111111101111111111110, sa_flags=SA_RESTART|SA_SIGINFO
SIGTERM: [libjvm.so+0xb6ca90], sa_mask[0]=11111111011111111101111111111110, sa_flags=SA_RESTART|SA_SIGINFO
SIGQUIT: [libjvm.so+0xb6ca90], sa_mask[0]=11111111011111111101111111111110, sa_flags=SA_RESTART|SA_SIGINFO


---------------  S Y S T E M  ---------------

OS:PRETTY_NAME="Debian GNU/Linux 10 (buster)"
NAME="Debian GNU/Linux"
VERSION_ID="10"
VERSION="10 (buster)"
VERSION_CODENAME=buster
ID=debian
HOME_URL="https://www.debian.org/"
SUPPORT_URL="https://www.debian.org/support"
BUG_REPORT_URL="https://bugs.debian.org/"
uname:Linux 4.19.0-14-cloud-amd64 #1 SMP Debian 4.19.171-2 (2021-01-30) x86_64
OS uptime: 96 days 5:05 hours
libc:glibc 2.28 NPTL 2.28 
rlimit (soft/hard): STACK 8192k/infinity , CORE 0k/infinity , NPROC 3890/3890 , NOFILE 1048576/1048576 , AS infinity/infinity , CPU infinity/infinity , DATA infinity/infinity , FSIZE infinity/infinity , MEMLOCK 65536k/65536k
load average:31.60 16.08 6.74

/proc/meminfo:
MemTotal:        1013656 kB
MemFree:           49296 kB
MemAvailable:        136 kB
Buffers:             104 kB
Cached:            18120 kB
SwapCached:          580 kB
Active:           392136 kB
Inactive:         394632 kB
Active(anon):     388528 kB
Inactive(anon):   390580 kB
Active(file):       3608 kB
Inactive(file):     4052 kB
Unevictable:          80 kB
Mlocked:              80 kB
SwapTotal:       3513340 kB
SwapFree:              0 kB
Dirty:                 4 kB
Writeback:             0 kB
AnonPages:        768328 kB
Mapped:             6044 kB
Shmem:             10536 kB
Slab:              98224 kB
SReclaimable:      36780 kB
SUnreclaim:        61444 kB
KernelStack:        9024 kB
PageTables:        29036 kB
NFS_Unstable:          0 kB
Bounce:                0 kB
WritebackTmp:          0 kB
CommitLimit:     4020168 kB
Committed_AS:   10957508 kB
VmallocTotal:   34359738367 kB
VmallocUsed:           0 kB
VmallocChunk:          0 kB
Percpu:              536 kB
AnonHugePages:         0 kB
ShmemHugePages:        0 kB
ShmemPmdMapped:        0 kB
HugePages_Total:       0
HugePages_Free:        0
HugePages_Rsvd:        0
HugePages_Surp:        0
Hugepagesize:       2048 kB
Hugetlb:               0 kB
DirectMap4k:      380900 kB
DirectMap2M:      667648 kB

/sys/kernel/mm/transparent_hugepage/enabled:
[always] madvise never
/sys/kernel/mm/transparent_hugepage/defrag (defrag/compaction efforts parameter):
always defer defer+madvise [madvise] never

/proc/sys/kernel/threads-max (system-wide limit on the number of threads):
7781
/proc/sys/vm/max_map_count (maximum number of memory map areas a process may have):
65530
/proc/sys/kernel/pid_max (system-wide limit on number of process identifiers):
32768

container (cgroup) information:
container_type: cgroupv1
cpu_cpuset_cpus: 0
cpu_memory_nodes: 0
active_processor_count: 1
cpu_quota: -1
cpu_period: 100000
cpu_shares: -1
memory_limit_in_bytes: -1
memory_and_swap_limit_in_bytes: -2
memory_soft_limit_in_bytes: -1
memory_usage_in_bytes: 687800320
memory_max_usage_in_bytes: 707190784

KVM virtualization detected
Steal ticks since vm start: 4
Steal ticks percentage since vm start:  0.000

CPU:total 1 (initial active 1) (1 cores per cpu, 1 threads per core) family 6 model 63 stepping 2, cmov, cx8, fxsr, mmx, sse, sse2, sse3, ssse3, sse4.1, sse4.2, popcnt, avx, avx2, aes, clmul, erms, lzcnt, tsc, bmi1, bmi2, fma
CPU Model and flags from /proc/cpuinfo:
model name	: DO-Regular
flags		: fpu vme de pse tsc msr pae mce cx8 apic sep mtrr pge mca cmov pat pse36 clflush mmx fxsr sse sse2 ss syscall nx rdtscp lm constant_tsc arch_perfmon rep_good nopl cpuid tsc_known_freq pni pclmulqdq vmx ssse3 fma cx16 pcid sse4_1 sse4_2 x2apic movbe popcnt tsc_deadline_timer aes xsave avx f16c rdrand hypervisor lahf_lm abm cpuid_fault invpcid_single pti ssbd ibrs ibpb tpr_shadow vnmi flexpriority ept vpid ept_ad fsgsbase tsc_adjust bmi1 avx2 smep bmi2 erms invpcid xsaveopt md_clear
Online cpus:
0
Offline cpus:

BIOS frequency limitation:
<Not Available>
Frequency switch latency (ns):
<Not Available>
Available cpu frequencies:
<Not Available>
Current governor:
<Not Available>
Core performance/turbo boost:
<Not Available>

Memory: 4k page, physical 1013656k(48976k free), swap 3513340k(0k free)

vm_info: OpenJDK 64-Bit Server VM (11.0.9.1+1-post-Debian-1deb10u2) for linux-amd64 JRE (11.0.9.1+1-post-Debian-1deb10u2), built on Nov 28 2020 17:42:37 by "unknown" with gcc 8.3.0

END.
